==33607== Memcheck, a memory error detector
==33607== Copyright (C) 2002-2012, and GNU GPL'd, by Julian Seward et al.
==33607== Using Valgrind-3.8.1 and LibVEX; rerun with -h for copyright info
==33607== Command: ./pa2 -l examples/1000000.b output/1000000l.b
==33607== Parent PID: 33488
==33607== 
--33607-- 
--33607-- Valgrind options:
--33607--    --tool=memcheck
--33607--    --verbose
--33607--    --leak-check=full
--33607--    --log-file=./valgrind.log
--33607-- Contents of /proc/version:
--33607--   Linux version 2.6.32-754.9.1.el6.x86_64 (mockbuild@x86-033.build.eng.bos.redhat.com) (gcc version 4.4.7 20120313 (Red Hat 4.4.7-23) (GCC) ) #1 SMP Wed Nov 21 15:08:21 EST 2018
--33607-- Arch and hwcaps: AMD64, amd64-sse3-cx16-avx
--33607-- Page sizes: currently 4096, max supported 4096
--33607-- Valgrind library directory: /usr/lib64/valgrind
--33607-- Reading syms from /home/shay/a/chen2620/ECE368Spring2019/PA02_ShellSort/pa2
--33607-- Reading syms from /usr/lib64/valgrind/memcheck-amd64-linux
--33607--    object doesn't have a dynamic symbol table
--33607-- Reading syms from /lib64/ld-2.12.so
--33607--   Considering /usr/lib/debug/.build-id/1c/c2165e019d43f71fde0a47af9f4c8eb5e51963.debug ..
--33607--   .. build-id is valid
--33607-- Scheduler: using generic scheduler lock implementation.
--33607-- Reading suppressions file: /usr/lib64/valgrind/default.supp
==33607== embedded gdbserver: reading from /tmp/vgdb-pipe-from-vgdb-to-33607-by-chen2620-on-ecegrid-thin4.ecn.purdue.edu
==33607== embedded gdbserver: writing to   /tmp/vgdb-pipe-to-vgdb-from-33607-by-chen2620-on-ecegrid-thin4.ecn.purdue.edu
==33607== embedded gdbserver: shared mem   /tmp/vgdb-pipe-shared-mem-vgdb-33607-by-chen2620-on-ecegrid-thin4.ecn.purdue.edu
==33607== 
==33607== TO CONTROL THIS PROCESS USING vgdb (which you probably
==33607== don't want to do, unless you know exactly what you're doing,
==33607== or are doing some strange experiment):
==33607==   /usr/lib64/valgrind/../../bin/vgdb --pid=33607 ...command...
==33607== 
==33607== TO DEBUG THIS PROCESS USING GDB: start GDB like this
==33607==   /path/to/gdb ./pa2
==33607== and then give GDB the following command
==33607==   target remote | /usr/lib64/valgrind/../../bin/vgdb --pid=33607
==33607== --pid is optional if only one valgrind process is running
==33607== 
--33607-- REDIR: 0x3d36217f90 (strlen) redirected to 0x38049551 (vgPlain_amd64_linux_REDIR_FOR_strlen)
--33607-- Reading syms from /usr/lib64/valgrind/vgpreload_core-amd64-linux.so
--33607-- Reading syms from /usr/lib64/valgrind/vgpreload_memcheck-amd64-linux.so
--33607-- REDIR: 0x3d36217da0 (index) redirected to 0x4a07c30 (index)
--33607-- REDIR: 0x3d36217e20 (strcmp) redirected to 0x4a08570 (strcmp)
--33607-- Reading syms from /lib64/libc-2.12.so
--33607--   Considering /usr/lib/debug/.build-id/8e/3aace76351b6a83390ca065e904eb82fbd1ec7.debug ..
--33607--   .. build-id is valid
--33607-- REDIR: 0x3d36684d10 (strcasecmp) redirected to 0x480155c (_vgnU_ifunc_wrapper)
--33607-- REDIR: 0x3d36686fd0 (strncasecmp) redirected to 0x480155c (_vgnU_ifunc_wrapper)
--33607-- REDIR: 0x3d36682c80 (__GI_strrchr) redirected to 0x4a07ab0 (__GI_strrchr)
--33607-- REDIR: 0x3d3667f720 (strcmp) redirected to 0x480155c (_vgnU_ifunc_wrapper)
--33607-- REDIR: 0x3d36728680 (__strcmp_sse42) redirected to 0x4a084d0 (strcmp)
--33607-- REDIR: 0x3d3667aa50 (malloc) redirected to 0x4a069ac (malloc)
--33607-- REDIR: 0x3d366896b0 (memcpy) redirected to 0x4a08b60 (memcpy)
--33607-- REDIR: 0x3d3667b8b0 (free) redirected to 0x4a063a9 (free)
--33607-- REDIR: 0x3d3668ab30 (strchrnul) redirected to 0x4a09fb0 (strchrnul)
--33607-- REDIR: 0x3d366811a0 (__GI_strlen) redirected to 0x4a07fb0 (__GI_strlen)
--33607-- REDIR: 0x3d36684540 (mempcpy) redirected to 0x4a0a020 (mempcpy)
==33607== 
==33607== HEAP SUMMARY:
==33607==     in use at exit: 0 bytes in 0 blocks
==33607==   total heap usage: 1,000,004 allocs, 1,000,004 frees, 16,002,608 bytes allocated
==33607== 
==33607== All heap blocks were freed -- no leaks are possible
==33607== 
==33607== ERROR SUMMARY: 0 errors from 0 contexts (suppressed: 8 from 6)
--33607-- 
--33607-- used_suppression:      4 U1004-ARM-_dl_relocate_object
--33607-- used_suppression:      4 glibc-2.5.x-on-SUSE-10.2-(PPC)-2a
==33607== 
==33607== ERROR SUMMARY: 0 errors from 0 contexts (suppressed: 8 from 6)
